âœ… Database loaded from file
ðŸ“Š Loaded: 1 orders, 7 products, 1 users, 6 categories

    â•”â•â•â•â•â•â•â•â•â•â•â•â•â•â•â•â•â•â•â•â•â•â•â•â•â•â•â•â•â•â•â•â•â•â•â•â•â•â•â•â•â•â•â•â•—
    â•‘  ðŸ« Evan's Bakery Admin Server Started     â•‘
    â•‘  Server: http://localhost:5000          â•‘
    â•‘  Environment: development â•‘
    â•‘  Admin Login:                              â•‘
    â•‘  - Contact Email: rhs0@yahoo.com           â•‘
    â•šâ•â•â•â•â•â•â•â•â•â•â•â•â•â•â•â•â•â•â•â•â•â•â•â•â•â•â•â•â•â•â•â•â•â•â•â•â•â•â•â•â•â•â•â•
    
âœ… Connected to MongoDB
ðŸ“¦ /api/admin/orders -> Mongo returned 2 orders
ðŸ“¦ /api/admin/orders -> Mongo returned 2 orders
ðŸ“¦ /api/admin/orders -> Mongo returned 2 orders
âœ… Database loaded from file
ðŸ“Š Loaded: 1 orders, 7 products, 1 users, 6 categories
ðŸ”µ API: /api/products (public) - Returning 7 products
âœ… Database loaded from file
ðŸ“Š Loaded: 1 orders, 7 products, 1 users, 6 categories
ðŸ”µ API: /api/products (public) - Returning 7 products
âœ… Database loaded from file
ðŸ“Š Loaded: 1 orders, 7 products, 1 users, 6 categories
ðŸ”µ API: /api/products (public) - Returning 7 products
ðŸ“Œ POST /api/orders -> saving to MongoDB
ðŸ’¾ Database saved
âœ… Database loaded from file
ðŸ“Š Loaded: 1 orders, 7 products, 1 users, 6 categories
ðŸ”µ API: /api/products (public) - Returning 7 products
ðŸ“¦ /api/admin/orders -> Mongo returned 3 orders

ðŸ”µ API: /api/admin/dashboard called
ðŸ“Œ /api/admin/dashboard -> fetching orders from MongoDB
âœ… Sending response (Mongo): {"totalOrders":3,"totalSales":2019.6}
ðŸ“¦ /api/admin/orders -> Mongo returned 3 orders
âœ… Database loaded from file
ðŸ“Š Loaded: 1 orders, 7 products, 1 users, 6 categories

ðŸ”µ API: /api/admin/products - Returning 7 products

ðŸ”µ API: /api/admin/dashboard called
ðŸ“Œ /api/admin/dashboard -> fetching orders from MongoDB
âœ… Sending response (Mongo): {"totalOrders":3,"totalSales":2019.6}
âœ… Database loaded from file
ðŸ“Š Loaded: 1 orders, 7 products, 1 users, 6 categories

ðŸ”µ API: /api/admin/products - Returning 7 products

ðŸ”µ API: /api/admin/dashboard called
ðŸ“Œ /api/admin/dashboard -> fetching orders from MongoDB
âœ… Sending response (Mongo): {"totalOrders":3,"totalSales":2019.6}
âœ… Database loaded from file
ðŸ“Š Loaded: 1 orders, 7 products, 1 users, 6 categories

ðŸ”µ API: /api/admin/products - Returning 7 products

ðŸ”µ API: /api/admin/dashboard called
ðŸ“Œ /api/admin/dashboard -> fetching orders from MongoDB
âœ… Sending response (Mongo): {"totalOrders":3,"totalSales":2019.6}
âœ… Database loaded from file
ðŸ“Š Loaded: 1 orders, 7 products, 1 users, 6 categories

ðŸ”µ API: /api/admin/products - Returning 7 products

ðŸ”µ API: /api/admin/dashboard called
ðŸ“Œ /api/admin/dashboard -> fetching orders from MongoDB
âœ… Sending response (Mongo): {"totalOrders":3,"totalSales":2019.6}

ðŸ”µ API: /api/admin/dashboard called
ðŸ“Œ /api/admin/dashboard -> fetching orders from MongoDB
âœ… Sending response (Mongo): {"totalOrders":3,"totalSales":2019.6}
ðŸ“¦ /api/admin/orders -> Mongo returned 3 orders
âœ… Database loaded from file
ðŸ“Š Loaded: 1 orders, 7 products, 1 users, 6 categories

ðŸ”µ API: /api/admin/products - Returning 7 products

ðŸ”µ API: /api/admin/dashboard called
ðŸ“Œ /api/admin/dashboard -> fetching orders from MongoDB
âœ… Sending response (Mongo): {"totalOrders":3,"totalSales":2019.6}
âœ… Database loaded from file
ðŸ“Š Loaded: 1 orders, 7 products, 1 users, 6 categories

ðŸ”µ API: /api/admin/products - Returning 7 products

ðŸ”µ API: /api/admin/dashboard called
ðŸ“Œ /api/admin/dashboard -> fetching orders from MongoDB
âœ… Sending response (Mongo): {"totalOrders":3,"totalSales":2019.6}
